<?xml version="1.0" encoding="UTF-8"?>
<!-- Generated by org.testng.reporters.JUnitReportReporter -->
<testsuite skipped="0" hostname="IN1252698W1" name="Week5.day1.CreateContact" tests="1" failures="0" timestamp="2020-03-21T23:00:44 IST" time="45.784" errors="0">
  <testcase name="createLead" time="45.784" classname="Week5.day1.CreateContact"/>
</testsuite> <!-- Week5.day1.CreateContact -->
