<?xml version="1.0" encoding="UTF-8"?>
<!-- Generated by org.testng.reporters.JUnitReportReporter -->
<testsuite skipped="0" hostname="IN1252698W1" name="RealTimeScenarios.CreateNewIncident" tests="1" failures="0" timestamp="2020-03-27T17:14:34 IST" time="82.319" errors="0">
  <testcase name="createNewIncident" time="82.319" classname="RealTimeScenarios.CreateNewIncident"/>
</testsuite> <!-- RealTimeScenarios.CreateNewIncident -->
