<?xml version="1.0" encoding="UTF-8"?>
<!-- Generated by org.testng.reporters.JUnitReportReporter -->
<testsuite skipped="0" hostname="IN1252698W1" name="Week5.day1.DeleteLead" tests="1" failures="0" timestamp="2020-03-21T23:27:00 IST" time="27.756" errors="0">
  <testcase name="deleteLead" time="27.756" classname="Week5.day1.DeleteLead"/>
</testsuite> <!-- Week5.day1.DeleteLead -->
