<?xml version="1.0" encoding="UTF-8"?>
<!-- Generated by org.testng.reporters.JUnitReportReporter -->
<testsuite skipped="0" hostname="IN1252698W1" name="Week5.day2.StaticParameterization" tests="2" failures="0" timestamp="2020-03-28T23:47:14 IST" time="54.197" errors="0">
  <testcase name="createLead" time="24.840" classname="Week5.day2.StaticParameterization"/>
  <testcase name="createLead" time="29.357" classname="Week5.day2.StaticParameterization"/>
</testsuite> <!-- Week5.day2.StaticParameterization -->
