<?xml version="1.0" encoding="UTF-8"?>
<!-- Generated by org.testng.reporters.JUnitReportReporter -->
<testsuite skipped="0" hostname="IN1252698W1" name="RealTimeScenarios.DeleteIncident" tests="1" failures="0" timestamp="2020-03-27T17:14:34 IST" time="40.116" errors="0">
  <testcase name="deleteIncident" time="40.116" classname="RealTimeScenarios.DeleteIncident"/>
</testsuite> <!-- RealTimeScenarios.DeleteIncident -->
